<?xml version="1.0" encoding="UTF-8"?>
<beans xmlns="http://www.springframework.org/schema/beans"
	xmlns:xsi="http://www.w3.org/2001/XMLSchema-instance" xmlns:mockito="http://www.mockito.org/spring/mockito"
	xsi:schemaLocation="http://www.springframework.org/schema/beans http://www.springframework.org/schema/beans/spring-beans.xsd
	http://www.mockito.org/spring/mockito https://bitbucket.org/kubek2k/springockito/raw/tip/springockito/src/main/resources/spring/mockito.xsd">

	<beans profile="junit-mock-core">

		<mockito:mock id="studentService" class="org.ssg.core.service.StudentService" />

		<mockito:mock id="UserDao" class="org.ssg.core.service.UserDao" />

		<mockito:mock id="CurriculumDao" class="org.ssg.core.service.CurriculumDao" />

		<mockito:mock id="HomeworkDao" class="org.ssg.core.service.HomeworkDao" />

		<mockito:mock id="jdbcOps"
			class="org.springframework.jdbc.core.JdbcTemplate" />

		<mockito:mock id="dataSource" class="javax.sql.DataSource" />
		
	</beans>
</beans>
