<?xml version="1.0" encoding="UTF-8"?>
<beans xmlns="http://www.springframework.org/schema/beans"
	xmlns:xsi="http://www.w3.org/2001/XMLSchema-instance" xmlns:mockito="http://www.mockito.org/spring/mockito"
	xsi:schemaLocation="http://www.springframework.org/schema/beans http://www.springframework.org/schema/beans/spring-beans.xsd
	http://www.mockito.org/spring/mockito https://bitbucket.org/kubek2k/springockito/raw/tip/springockito/src/main/resources/spring/mockito.xsd">

	<beans profile="junit-mock-security">
	
		<mockito:mock id="applicationUserProvider"
			class="org.ssg.gui.server.service.ApplicationUserProvider" />

		<mockito:mock id="authosization"
			class="org.ssg.gui.server.security.Authorization" />

	</beans>
</beans>
